make all --print-data-base --no-builtin-variables --no-builtin-rules --question
make: *** No rule to make target 'all'.  Stop.

# GNU Make 4.3
# Built for x86_64-pc-linux-gnu
# Copyright (C) 1988-2020 Free Software Foundation, Inc.
# License GPLv3+: GNU GPL version 3 or later <http://gnu.org/licenses/gpl.html>
# This is free software: you are free to change and redistribute it.
# There is NO WARRANTY, to the extent permitted by law.

# Make data base, printed on Thu Jul 21 10:12:06 2022

# Variables

# environment
GDK_BACKEND = x11
# environment
LC_ALL = C
# environment
NO_AT_BRIDGE = 1
# environment
GJS_DEBUG_OUTPUT = stderr
# environment
VSCODE_CWD = /home/yukiemeralis
# default
MAKE_COMMAND := make
# automatic
@D = $(patsubst %/,%,$(dir $@))
# environment
VSCODE_HANDLES_UNCAUGHT_ERRORS = true
# default
.VARIABLES := 
# environment
PWD = /home/yukiemeralis/Development/Active/Eden
# automatic
%D = $(patsubst %/,%,$(dir $%))
# environment
MAIL = /var/spool/mail/yukiemeralis
# environment
XDG_DATA_DIRS = /home/yukiemeralis/.local/share/flatpak/exports/share:/var/lib/flatpak/exports/share:/usr/local/share:/usr/share
# automatic
^D = $(patsubst %/,%,$(dir $^))
# automatic
%F = $(notdir $%)
# environment
VSCODE_CODE_CACHE_PATH = /home/yukiemeralis/.config/Code/CachedData/92d25e35d9bf1a6b16f7d0758f25d48ace11e5b9
# environment
XDG_SESSION_PATH = /org/freedesktop/DisplayManager/Session0
# environment
LANG = C
# environment
XAUTHORITY = /home/yukiemeralis/.Xauthority
# default
.LOADED := 
# default
.INCLUDE_DIRS = /usr/include /usr/local/include /usr/include
# makefile
MAKEFLAGS = pqrR
# makefile
CURDIR := /home/yukiemeralis/Development/Active/Eden
# environment
APPLICATION_INSIGHTS_NO_DIAGNOSTIC_CHANNEL = 1
# automatic
*D = $(patsubst %/,%,$(dir $*))
# environment
MFLAGS = -pqrR
# environment
SSH_AUTH_SOCK = /run/user/1000/keyring/ssh
# default
.SHELLFLAGS := -c
# automatic
+D = $(patsubst %/,%,$(dir $+))
# environment
XDG_SESSION_DESKTOP = gnome
# makefile (from 'makefile', line 1)
MAKEFILE_LIST := makefile
# automatic
@F = $(notdir $@)
# environment
VSCODE_PID = 3148
# environment
XDG_SESSION_TYPE = x11
# automatic
?D = $(patsubst %/,%,$(dir $?))
# environment
SESSION_MANAGER = local/localhost:@/tmp/.ICE-unix/1470,unix/localhost:/tmp/.ICE-unix/1470
# automatic
*F = $(notdir $*)
# environment
CHROME_DESKTOP = code-url-handler.desktop
# environment
DBUS_SESSION_BUS_ADDRESS = unix:path=/run/user/1000/bus
# automatic
<D = $(patsubst %/,%,$(dir $<))
# environment
VSCODE_NLS_CONFIG = {"locale":"en-us","availableLanguages":{},"_languagePackSupport":true}
# default
MAKE_HOST := x86_64-pc-linux-gnu
# makefile
SHELL = /bin/sh
# default
MAKECMDGOALS := all
# environment
GJS_DEBUG_TOPICS = JS ERROR;JS LOG
# environment
SHLVL = 1
# environment
MAKELEVEL := 0
# default
MAKE = $(MAKE_COMMAND)
# environment
PATH = /home/yukiemeralis/.cargo/bin:/usr/local/bin:/usr/bin:/bin:/usr/local/sbin:/usr/lib/jvm/default/bin:/usr/bin/site_perl:/usr/bin/vendor_perl:/usr/bin/core_perl
# default
MAKEFILES := 
# environment
MOTD_SHOWN = pam
# automatic
^F = $(notdir $^)
# environment
INVOCATION_ID = 1cb0aefd626049f186146a3d47c55559
# automatic
?F = $(notdir $?)
# environment
XDG_CURRENT_DESKTOP = GNOME
# automatic
+F = $(notdir $+)
# environment
XDG_SEAT_PATH = /org/freedesktop/DisplayManager/Seat0
# environment
DESKTOP_SESSION = gnome
# environment
ORIGINAL_XDG_CURRENT_DESKTOP = GNOME
# 'override' directive
GNUMAKEFLAGS := 
# environment
LOGNAME = yukiemeralis
# environment
GIO_LAUNCHED_DESKTOP_FILE = /usr/share/applications/visual-studio-code.desktop
# makefile
.DEFAULT_GOAL := eden
# environment
SYSTEMD_EXEC_PID = 1485
# environment
DISPLAY = :0
# environment
USER = yukiemeralis
# default
MAKE_VERSION := 4.3
# environment
MANAGERPID = 1401
# environment
GIO_LAUNCHED_DESKTOP_FILE_PID = 3132
# environment
_ = /usr/bin/make
# environment
XDG_RUNTIME_DIR = /run/user/1000
# environment
JOURNAL_STREAM = 8:28172
# environment
XDG_SESSION_CLASS = user
# environment
VSCODE_AMD_ENTRYPOINT = vs/workbench/api/node/extensionHostProcess
# environment
HOME = /home/yukiemeralis
# environment
ELECTRON_RUN_AS_NODE = 1
# environment
VSCODE_IPC_HOOK = /run/user/1000/vscode-5d67d09d-1.69.0-main.sock
# default
.RECIPEPREFIX := 
# automatic
<F = $(notdir $<)
# default
SUFFIXES := 
# environment
VSCODE_CLI = 1
# environment
ELECTRON_NO_ATTACH_CONSOLE = 1
# environment
XDG_GREETER_DATA_DIR = /var/lib/lightdm-data/yukiemeralis
# default
.FEATURES := target-specific order-only second-expansion else-if shortest-stem undefine oneshell nocomment grouped-target extra-prereqs archives jobserver output-sync check-symlink guile load
# environment
XDG_MENU_PREFIX = gnome-
# environment
GDMSESSION = gnome
# variable set hash-table stats:
# Load=86/1024=8%, Rehash=0, Collisions=1/116=1%

# Pattern-specific Variable Values

# No pattern-specific variable values.

# Directories

# . (device 66308, inode 5638613): 25 files, no impossibilities.

# 25 files, no impossibilities in 1 directories.

# Implicit Rules

# No implicit rules.

# Files

surface:
#  Phony target (prerequisite of .PHONY).
#  Implicit rule search has not been done.
#  File does not exist.
#  File has not been updated.

eden:
#  Phony target (prerequisite of .PHONY).
#  Implicit rule search has not been done.
#  File does not exist.
#  File has not been updated.
#  recipe to execute (from 'makefile', line 4):
	edex buildfiles/eden.edex

rosetta:
#  Phony target (prerequisite of .PHONY).
#  Implicit rule search has not been done.
#  File does not exist.
#  File has not been updated.
#  recipe to execute (from 'makefile', line 6):
	edex buildfiles/rosetta.edex
	cp ~/Servers/DevServer/1182/plugins/Eden/mods/Rosetta.jar ./lib/Rosetta.jar
	cp ./lib/Rosetta.jar ./internalModules

flock:
#  Phony target (prerequisite of .PHONY).
#  Implicit rule search has not been done.
#  File does not exist.
#  File has not been updated.
#  recipe to execute (from 'makefile', line 10):
	edex buildfiles/flock.edex
	cp ~/Servers/DevServer/1182/plugins/Eden/mods/Flock.jar ./lib/Flock.jar
	cp ./lib/Flock.jar ./internalModules

# Not a target:
.DEFAULT:
#  Implicit rule search has not been done.
#  Modification time never checked.
#  File has not been updated.

# Not a target:
all:
#  Command line target.
#  Implicit rule search has been done.
#  File does not exist.
#  File has not been updated.

libs:
#  Implicit rule search has not been done.
#  Modification time never checked.
#  File has not been updated.
#  recipe to execute (from 'makefile', line 22):
	edex buildfiles/eden.edex
	cp ~/Servers/DevServer/1182/plugins/Eden-* ./lib
	edex buildfiles/surface2.edex -noheader
	cp ~/Servers/DevServer/1182/plugins/Eden/mods/Surface2.jar ./lib/Surface2.jar
	cp ./lib/Surface2.jar ./internalModules
	
	edex buildfiles/checkpoint.edex -noheader
	cp ~/Servers/DevServer/1182/plugins/Eden/mods/Checkpoint.jar ./lib/Checkpoint.jar
	cp ./lib/Checkpoint.jar ./internalModules
	edex buildfiles/flock.edex -noheader
	cp ~/Servers/DevServer/1182/plugins/Eden/mods/Flock.jar ./lib/Flock.jar
	cp ./lib/Flock.jar ./internalModules
	
	edex buildfiles/rosetta.edex -noheader
	cp ~/Servers/DevServer/1182/plugins/Eden/mods/Rosetta.jar ./lib/Rosetta.jar
	cp ./lib/Rosetta.jar ./internalModules

# Not a target:
makefile:
#  Implicit rule search has been done.
#  Last modified 2022-07-20 21:36:10.355870402
#  File has been updated.
#  Successfully updated.

checkpoint:
#  Phony target (prerequisite of .PHONY).
#  Implicit rule search has not been done.
#  File does not exist.
#  File has not been updated.
#  recipe to execute (from 'makefile', line 18):
	edex buildfiles/checkpoint.edex
	cp ~/Servers/DevServer/1182/plugins/Eden/mods/Checkpoint.jar ./lib/Checkpoint.jar
	cp ./lib/Checkpoint.jar ./internalModules

surface2:
#  Phony target (prerequisite of .PHONY).
 
#  Implicit rule search has not been done.
#  File does not exist.
#  File has not been updated.
#  recipe to execute (from 'makefile', line 14):
	edex buildfiles/surface2.edex
	cp ~/Servers/DevServer/1182/plugins/Eden/mods/Surface2.jar ./lib/Surface2.jar
	cp ./lib/Surface2.jar ./internalModules

.PHONY: eden rosetta surface checkpoint flock surface2
#  Implicit rule search has not been done.
#  Modification time never checked.
#  File has not been updated.

# files hash-table stats:
# Load=12/1024=1%, Rehash=0, Collisions=0/33=0%
# VPATH Search Paths

# No 'vpath' search paths.

# No general ('VPATH' variable) search path.

# strcache buffers: 1 (0) / strings = 32 / storage = 270 B / avg = 8 B
# current buf: size = 8162 B / used = 270 B / count = 32 / avg = 8 B

# strcache performance: lookups = 54 / hit rate = 40%
# hash-table stats:
# Load=32/8192=0%, Rehash=0, Collisions=0/54=0%
# Finished Make data base on Thu Jul 21 10:12:06 2022

 
